<?xml version="1.0" encoding="UTF-8"?>
<!-- Generated by org.testng.reporters.JUnitReportReporter -->
<testsuite hostname="DESKTOP-N1FKMHT" failures="0" tests="2" name="testNG.AnnotationsHierarchyExample" time="0.005" errors="0" timestamp="2021-11-07T11:06:22 IST" skipped="0">
  <testcase classname="testNG.AnnotationsHierarchyExample" name="test" time="0.004"/>
  <system-out/>
  <testcase classname="testNG.AnnotationsHierarchyExample" name="test1" time="0.001"/>
  <system-out/>
</testsuite> <!-- testNG.AnnotationsHierarchyExample -->
