<?xml version="1.0" encoding="UTF-8"?>
<!-- Generated by org.testng.reporters.JUnitReportReporter -->
<testsuite hostname="DESKTOP-N1FKMHT" failures="0" tests="3" name="testNG.DependanciesManagementExample" time="0.000" errors="0" timestamp="2021-11-05T12:13:50 IST" skipped="0">
  <testcase classname="testNG.DependanciesManagementExample" name="highSchool" time="0.000"/>
  <system-out/>
  <testcase classname="testNG.DependanciesManagementExample" name="higherSecondary" time="0.000"/>
  <system-out/>
  <testcase classname="testNG.DependanciesManagementExample" name="graduation" time="0.000"/>
  <system-out/>
</testsuite> <!-- testNG.DependanciesManagementExample -->
