<?xml version="1.0" encoding="UTF-8"?>
<!-- Generated by org.testng.reporters.JUnitReportReporter -->
<testsuite hostname="DESKTOP-N1FKMHT" failures="0" tests="1" name="testNG.AssertionExample" time="0.007" errors="0" timestamp="2021-11-08T15:50:27 IST" skipped="0">
  <testcase classname="testNG.AssertionExample" name="check" time="0.007"/>
  <system-out/>
</testsuite> <!-- testNG.AssertionExample -->
