<?xml version="1.0" encoding="UTF-8"?>
<!-- Generated by org.testng.reporters.JUnitReportReporter -->
<testsuite hostname="DESKTOP-N1FKMHT" failures="0" tests="3" name="testNG.BeforeAndAfterSuiteAnnotationsExample" time="7.716" errors="0" timestamp="2021-11-05T12:13:50 IST" skipped="0">
  <testcase classname="testNG.BeforeAndAfterSuiteAnnotationsExample" name="openYahoo" time="3.453"/>
  <system-out/>
  <testcase classname="testNG.BeforeAndAfterSuiteAnnotationsExample" name="openGoogle" time="3.014"/>
  <system-out/>
  <testcase classname="testNG.BeforeAndAfterSuiteAnnotationsExample" name="openBing" time="1.249"/>
  <system-out/>
</testsuite> <!-- testNG.BeforeAndAfterSuiteAnnotationsExample -->
