<?xml version="1.0" encoding="UTF-8"?>
<!-- Generated by org.testng.reporters.JUnitReportReporter -->
<testsuite hostname="DESKTOP-N1FKMHT" failures="0" tests="4" name="testNG.GroupingExample" time="0.011" errors="0" timestamp="2021-11-05T12:02:49 IST" skipped="0">
  <testcase classname="testNG.GroupingExample" name="vivo2" time="0.001"/>
  <system-out/>
  <testcase classname="testNG.GroupingExample" name="moto1" time="0.009"/>
  <system-out/>
  <testcase classname="testNG.GroupingExample" name="vivo1" time="0.000"/>
  <system-out/>
  <testcase classname="testNG.GroupingExample" name="moto2" time="0.001"/>
  <system-out/>
</testsuite> <!-- testNG.GroupingExample -->
