<?xml version="1.0" encoding="UTF-8"?>
<!-- Generated by org.testng.reporters.JUnitReportReporter -->
<testsuite hostname="DESKTOP-N1FKMHT" failures="0" tests="6" name="testNG.SkipTestCaseExample" time="0.000" errors="0" timestamp="2021-11-05T12:13:50 IST" skipped="1">
  <testcase classname="testNG.SkipTestCaseExample" name="startTheCar" time="0.000"/>
  <system-out/>
  <testcase classname="testNG.SkipTestCaseExample" name="putFirstGear" time="0.000"/>
  <system-out/>
  <testcase classname="testNG.SkipTestCaseExample" name="putSecondGear" time="0.000"/>
  <system-out/>
  <testcase classname="testNG.SkipTestCaseExample" name="putThirdGear" time="0.000"/>
  <system-out/>
  <testcase classname="testNG.SkipTestCaseExample" name="putFourthGear" time="0.000"/>
  <system-out/>
  <testcase classname="testNG.SkipTestCaseExample" name="turnTheMusicOn">
    <skipped/>
  </testcase> <!-- turnTheMusicOn -->
  <system-out/>
</testsuite> <!-- testNG.SkipTestCaseExample -->
