<?xml version="1.0" encoding="UTF-8"?>
<!-- Generated by org.testng.reporters.JUnitReportReporter -->
<testsuite hostname="DESKTOP-N1FKMHT" failures="0" tests="1" name="testNG.ParameterizationExample" time="0.005" errors="0" timestamp="2021-11-05T12:37:24 IST" skipped="0">
  <testcase classname="testNG.ParameterizationExample" name="printName" time="0.005"/>
  <system-out/>
</testsuite> <!-- testNG.ParameterizationExample -->
