<?xml version="1.0" encoding="UTF-8"?>
<!-- Generated by org.testng.reporters.JUnitReportReporter -->
<testsuite hostname="DESKTOP-N1FKMHT" failures="0" tests="2" name="testNG.ParallelTestingExample" time="7.306" errors="0" timestamp="2021-11-05T13:36:36 IST" skipped="0">
  <testcase classname="testNG.ParallelTestingExample" name="openBing" time="3.054"/>
  <system-out/>
  <testcase classname="testNG.ParallelTestingExample" name="openGoogle" time="4.252"/>
  <system-out/>
</testsuite> <!-- testNG.ParallelTestingExample -->
