<?xml version="1.0" encoding="UTF-8"?>
<!-- Generated by org.testng.reporters.JUnitReportReporter -->
<testsuite hostname="DESKTOP-N1FKMHT" failures="0" tests="5" name="testNG.SetPriorityExample" time="0.009" errors="0" timestamp="2021-11-05T14:51:04 IST" skipped="0">
  <testcase classname="testNG.SetPriorityExample" name="startTheCar" time="0.006"/>
  <system-out/>
  <testcase classname="testNG.SetPriorityExample" name="putFirstGear" time="0.001"/>
  <system-out/>
  <testcase classname="testNG.SetPriorityExample" name="putSecondGear" time="0.000"/>
  <system-out/>
  <testcase classname="testNG.SetPriorityExample" name="putThirdGear" time="0.001"/>
  <system-out/>
  <testcase classname="testNG.SetPriorityExample" name="putFourthGear" time="0.001"/>
  <system-out/>
</testsuite> <!-- testNG.SetPriorityExample -->
