<?xml version="1.0" encoding="UTF-8"?>
<!-- Generated by org.testng.reporters.JUnitReportReporter -->
<testsuite hostname="DESKTOP-N1FKMHT" failures="0" tests="1" name="pageObjectModel.PageFactoryWithoutAnnotation" time="9.682" errors="0" timestamp="2021-11-12T15:17:00 IST" skipped="0">
  <testcase classname="pageObjectModel.PageFactoryWithoutAnnotation" name="login" time="9.682"/>
  <system-out/>
</testsuite> <!-- pageObjectModel.PageFactoryWithoutAnnotation -->
