<?xml version="1.0" encoding="UTF-8"?>
<!-- Generated by org.testng.reporters.JUnitReportReporter -->
<testsuite hostname="DESKTOP-N1FKMHT" failures="0" tests="1" name="pageObjectModel.LoginPageTestCase" time="10.729" errors="0" timestamp="2022-03-03T21:25:18 IST" skipped="0">
  <testcase classname="pageObjectModel.LoginPageTestCase" name="login" time="10.729"/>
  <system-out/>
</testsuite> <!-- pageObjectModel.LoginPageTestCase -->
