<?xml version="1.0" encoding="UTF-8"?>
<!-- Generated by org.testng.reporters.JUnitReportReporter -->
<testsuite hostname="DESKTOP-N1FKMHT" failures="0" tests="4" name="loginTestCases.Login" time="32.078" errors="0" timestamp="2022-03-03T21:39:06 IST" skipped="0">
  <testcase classname="loginTestCases.Login" name="login" time="9.592"/>
  <system-out/>
  <testcase classname="loginTestCases.Login" name="login" time="6.342"/>
  <system-out/>
  <testcase classname="loginTestCases.Login" name="login" time="9.822"/>
  <system-out/>
  <testcase classname="loginTestCases.Login" name="login" time="6.322"/>
  <system-out/>
</testsuite> <!-- loginTestCases.Login -->
