<?xml version="1.0" encoding="UTF-8"?>
<!-- Generated by org.testng.reporters.JUnitReportReporter -->
<testsuite hostname="DESKTOP-N1FKMHT" failures="0" tests="1" name="loginTestCases.CorrectUserName" time="5.648" errors="0" timestamp="2021-11-06T15:52:44 IST" skipped="0">
  <testcase classname="loginTestCases.CorrectUserName" name="loginWithBothCorrect" time="5.648"/>
  <system-out/>
</testsuite> <!-- loginTestCases.CorrectUserName -->
