<?xml version="1.0" encoding="UTF-8"?>
<!-- Generated by org.testng.reporters.JUnitReportReporter -->
<testsuite hostname="DESKTOP-N1FKMHT" failures="0" tests="1" name="loginTestCases.LamdaAssignment" time="22.386" errors="0" timestamp="2021-11-08T19:31:38 IST" skipped="0">
  <testcase classname="loginTestCases.LamdaAssignment" name="testCases" time="22.386"/>
  <system-out/>
</testsuite> <!-- loginTestCases.LamdaAssignment -->
