<?xml version="1.0" encoding="UTF-8"?>
<!-- Generated by org.testng.reporters.JUnitReportReporter -->
<testsuite hostname="DESKTOP-N1FKMHT" failures="0" tests="1" name="loginTestCases.ReadCsvFile" time="10.936" errors="0" timestamp="2021-11-07T11:14:27 IST" skipped="0">
  <testcase classname="loginTestCases.ReadCsvFile" name="verifySearch" time="10.936"/>
  <system-out/>
</testsuite> <!-- loginTestCases.ReadCsvFile -->
